#
# A fatal error has been detected by the Java Runtime Environment:
#
#  SIGSEGV (0xb) at pc=0x0000000106c97057, pid=48819, tid=0x0000000000002c03
#
# JRE version: OpenJDK Runtime Environment (8.0_152-b08) (build 1.8.0_152-release-915-b08)
# Java VM: OpenJDK 64-Bit Server VM (25.152-b08 mixed mode bsd-amd64 compressed oops)
# Problematic frame:
# V  [libjvm.dylib+0x297057]
#
# Failed to write core dump. Core dumps have been disabled. To enable core dumping, try "ulimit -c unlimited" before starting Java again
#
# If you would like to submit a bug report, please visit:
#   http://bugreport.java.com/bugreport/crash.jsp
#

---------------  T H R E A D  ---------------

Current thread (0x00007fc23c000800):  VMThread [stack: 0x0000700001009000,0x0000700001109000] [id=11267]

siginfo: si_signo: 11 (SIGSEGV), si_code: 0 (unknown), si_addr: 0x0000000000000000

Registers:
RAX=0x000000011e23ae38, RBX=0x0000000000000023, RCX=0x020000011e23c308, RDX=0x0000000000000000
RSP=0x0000700001108700, RBP=0x0000700001108720, RSI=0x00000001071f72a0, RDI=0x0000000000000000
R8 =0x0000000000000000, R9 =0x0000000000002400, R10=0x0000000000000000, R11=0x00007fc241874e00
R12=0x00000007c04daa58, R13=0x00000001071f72a0, R14=0x00000001071f72a0, R15=0x00000007c04daa58
RIP=0x0000000106c97057, EFLAGS=0x0000000000010283, ERR=0x0000000000000000
  TRAPNO=0x000000000000000d

Top of Stack: (sp=0x0000700001108700)
0x0000700001108700:   0000000000000047 00000007c04daa58
0x0000700001108710:   00000001071f72a0 0000700001108758
0x0000700001108720:   0000700001108740 0000000106c96fa7
0x0000700001108730:   00000007c04d0ee0 0000000000000001
0x0000700001108740:   00007000011087d0 0000000106d65fff
0x0000700001108750:   00000001071ba678 00000001071dd858
0x0000700001108760:   00000000000001fe ffffffffffffff00
0x0000700001108770:   0000000000000004 0000000000000048
0x0000700001108780:   00000000000001fe 0000000000000001
0x0000700001108790:   00007fc2408fe600 00007fc23ca58600
0x00007000011087a0:   00000001071dd858 0000700001108828
0x00007000011087b0:   0000700001108890 00000001071f72a0
0x00007000011087c0:   00000001071f71f0 0000700001108848
0x00007000011087d0:   00007000011088e0 0000000106e7024a
0x00007000011087e0:   0000000106fa2d46 0000000106e60100
0x00007000011087f0:   00000001071f71a8 000005053a58ebff
0x0000700001108800:   00000001071bbe20 00007fc200000004
0x0000700001108810:   00007fc23bc0ceb0 0000000000000004
0x0000700001108820:   0000700001108830 000000000000089b
0x0000700001108830:   0000000000000631 0000000000000726
0x0000700001108840:   0000000000000006 0000000106f759fc
0x0000700001108850:   0000700001100100 00000001071f71a8
0x0000700001108860:   0000050540a85d90 00000001071ba1b8
0x0000700001108870:   000070000120ba00 00007fc23bc0d3f0
0x0000700001108880:   00000001071ba1a0 00007fc23bc0d3f0
0x0000700001108890:   000000000000089b 0000000000000631
0x00007000011088a0:   0000000000000726 0000000000000006
0x00007000011088b0:   00007000011088c0 0000000000000000
0x00007000011088c0:   00007fc23bf02d70 00007fc23bc0ca40
0x00007000011088d0:   0000000000000000 00007000011089d0
0x00007000011088e0:   0000700001108b40 0000000106e6f7df
0x00007000011088f0:   0000700002940100 0000000000000000 

Instructions: (pc=0x0000000106c97057)
0x0000000106c97037:   e5 41 57 41 56 53 50 49 89 f6 49 89 ff 49 8b 87
0x0000000106c97047:   70 01 00 00 83 38 00 7e 2a 31 db 48 8b 4c d8 08
0x0000000106c97057:   48 8b 79 10 48 85 ff 74 0f 4c 89 f6 e8 90 e2 16
0x0000000106c97067:   00 49 8b 87 70 01 00 00 48 ff c3 48 63 08 48 39 

Register to memory mapping:

RAX=0x000000011e23ae38 is pointing into metadata
RBX=0x0000000000000023 is an unknown value
RCX=0x020000011e23c308 is an unknown value
RDX=0x0000000000000000 is an unknown value
RSP=0x0000700001108700 is an unknown value
RBP=0x0000700001108720 is an unknown value
RSI=0x00000001071f72a0: _ZN17PSParallelCompact17_is_alive_closureE+0 in /Applications/Android Studio.app/Contents/jre/jdk/Contents/Home/jre/lib/server/libjvm.dylib at 0x0000000106a00000
RDI=0x0000000000000000 is an unknown value
R8 =0x0000000000000000 is an unknown value
R9 =0x0000000000002400 is an unknown value
R10=0x0000000000000000 is an unknown value
R11=0x00007fc241874e00 is an unknown value
R12=0x00000007c04daa58 is pointing into metadata
R13=0x00000001071f72a0: _ZN17PSParallelCompact17_is_alive_closureE+0 in /Applications/Android Studio.app/Contents/jre/jdk/Contents/Home/jre/lib/server/libjvm.dylib at 0x0000000106a00000
R14=0x00000001071f72a0: _ZN17PSParallelCompact17_is_alive_closureE+0 in /Applications/Android Studio.app/Contents/jre/jdk/Contents/Home/jre/lib/server/libjvm.dylib at 0x0000000106a00000
R15=0x00000007c04daa58 is pointing into metadata


Stack: [0x0000700001009000,0x0000700001109000],  sp=0x0000700001108700,  free space=1021k
Native frames: (J=compiled Java code, j=interpreted, Vv=VM code, C=native code)
V  [libjvm.dylib+0x297057]
V  [libjvm.dylib+0x296fa7]
V  [libjvm.dylib+0x365fff]
V  [libjvm.dylib+0x47024a]
V  [libjvm.dylib+0x46f7df]
V  [libjvm.dylib+0x46f3e4]
V  [libjvm.dylib+0x53ed0f]
V  [libjvm.dylib+0x54e56a]
V  [libjvm.dylib+0x54df06]
V  [libjvm.dylib+0x54d92e]
V  [libjvm.dylib+0x54d763]
V  [libjvm.dylib+0x4345d9]
C  [libsystem_pthread.dylib+0x3661]  _pthread_body+0x154
C  [libsystem_pthread.dylib+0x350d]  _pthread_body+0x0
C  [libsystem_pthread.dylib+0x2bf9]  thread_start+0xd

VM_Operation (0x0000700001e2f848): ParallelGCSystemGC, mode: safepoint, requested by thread 0x00007fc23c142000


---------------  P R O C E S S  ---------------

Java Threads: ( => current thread )
  0x00007fc23cb34000 JavaThread "RMI RenewClean-[localhost:51491,org.jetbrains.kotlin.daemon.common.LoopbackNetworkInterface$ClientLoopbackSocketFactory@6f892f1c]" daemon [_thread_blocked, id=21779, stack(0x0000700002954000,0x0000700002a54000)]
  0x00007fc23d6ba800 JavaThread "RMI RenewClean-[localhost:51491,org.jetbrains.kotlin.daemon.common.LoopbackNetworkInterface$ClientLoopbackSocketFactory@59596412]" daemon [_thread_blocked, id=42031, stack(0x000070000223f000,0x000070000233f000)]
  0x00007fc23d0b6800 JavaThread "RMI RenewClean-[localhost:51491,org.jetbrains.kotlin.daemon.common.LoopbackNetworkInterface$ClientLoopbackSocketFactory@3063b205]" daemon [_thread_blocked, id=42779, stack(0x0000700002342000,0x0000700002442000)]
  0x00007fc23f52a000 JavaThread "RMI RenewClean-[localhost:51491,org.jetbrains.kotlin.daemon.common.LoopbackNetworkInterface$ClientLoopbackSocketFactory@6320797d]" daemon [_thread_blocked, id=14351, stack(0x0000700002548000,0x0000700002648000)]
  0x00007fc23c14d000 JavaThread "RMI Scheduler(0)" daemon [_thread_blocked, id=22275, stack(0x0000700001f36000,0x0000700002036000)]
  0x00007fc23c808800 JavaThread "DestroyJavaVM" [_thread_blocked, id=6147, stack(0x0000700000afa000,0x0000700000bfa000)]
  0x00007fc23c142000 JavaThread "GC Daemon" daemon [_thread_blocked, id=15363, stack(0x0000700001d30000,0x0000700001e30000)]
  0x00007fc23c975800 JavaThread "RMI Reaper" [_thread_blocked, id=14595, stack(0x0000700001c2d000,0x0000700001d2d000)]
  0x00007fc23c0c4000 JavaThread "Timer-0" daemon [_thread_blocked, id=15875, stack(0x0000700001a27000,0x0000700001b27000)]
  0x00007fc23c0d7000 JavaThread "RMI TCP Accept-17197" daemon [_thread_in_native, id=16131, stack(0x0000700001924000,0x0000700001a24000)]
  0x00007fc23d02c800 JavaThread "Service Thread" daemon [_thread_blocked, id=13571, stack(0x000070000171e000,0x000070000181e000)]
  0x00007fc23c014800 JavaThread "C1 CompilerThread2" daemon [_thread_blocked, id=17155, stack(0x000070000161b000,0x000070000171b000)]
  0x00007fc23c014000 JavaThread "C2 CompilerThread1" daemon [_thread_blocked, id=17667, stack(0x0000700001518000,0x0000700001618000)]
  0x00007fc23c012800 JavaThread "C2 CompilerThread0" daemon [_thread_blocked, id=12803, stack(0x0000700001415000,0x0000700001515000)]
  0x00007fc23c002800 JavaThread "Signal Dispatcher" daemon [_thread_blocked, id=18443, stack(0x0000700001312000,0x0000700001412000)]
  0x00007fc23d02b800 JavaThread "Finalizer" daemon [_thread_blocked, id=11523, stack(0x000070000120f000,0x000070000130f000)]
  0x00007fc23c00c800 JavaThread "Reference Handler" daemon [_thread_blocked, id=20739, stack(0x000070000110c000,0x000070000120c000)]

Other Threads:
=>0x00007fc23c000800 VMThread [stack: 0x0000700001009000,0x0000700001109000] [id=11267]
  0x00007fc23d819800 WatcherThread [stack: 0x0000700001821000,0x0000700001921000] [id=16643]

VM state:at safepoint (normal execution)

VM Mutex/Monitor currently owned by a thread:  ([mutex/lock_event])
[0x00007fc23bd05b50] Threads_lock - owner thread: 0x00007fc23c000800
[0x00007fc23bd06050] Heap_lock - owner thread: 0x00007fc23c142000

Heap:
 PSYoungGen      total 432128K, used 12671K [0x00000007a0000000, 0x00000007c0000000, 0x00000007c0000000)
  eden space 339968K, 0% used [0x00000007a0000000,0x00000007a0000000,0x00000007b4c00000)
  from space 92160K, 13% used [0x00000007b4c00000,0x00000007b585fe90,0x00000007ba600000)
  to   space 91136K, 0% used [0x00000007ba700000,0x00000007ba700000,0x00000007c0000000)
 ParOldGen       total 292864K, used 127690K [0x0000000760000000, 0x0000000771e00000, 0x00000007a0000000)
  object space 292864K, 43% used [0x0000000760000000,0x0000000767cb2a78,0x0000000771e00000)
 Metaspace       used 133670K, capacity 137934K, committed 138152K, reserved 1171456K
  class space    used 15534K, capacity 16706K, committed 16808K, reserved 1048576K

Card table byte_map: [0x0000000107826000,0x0000000107b27000] byte_map_base: 0x0000000103d26000

Marking Bits: (ParMarkBitMap*) 0x00000001071f7128
 Begin Bits: [0x0000000107d27000, 0x0000000109527000)
 End Bits:   [0x0000000109527000, 0x000000010ad27000)

Polling page: 0x0000000106047000

CodeCache: size=245760Kb used=64978Kb max_used=65006Kb free=180782Kb
 bounds [0x000000010ef29000, 0x0000000112f19000, 0x000000011df29000]
 total_blobs=19605 nmethods=19034 adapters=482
 compilation: enabled

Compilation events (10 events):
Event: 5400.705 Thread 0x00007fc23c014800 25078       3       java.util.concurrent.locks.AbstractQueuedSynchronizer$Node::predecessor (19 bytes)
Event: 5400.706 Thread 0x00007fc23c014800 nmethod 25078 0x0000000112edef10 code [0x0000000112edf080, 0x0000000112edf2c8]
Event: 5419.653 Thread 0x00007fc23c014800 25079       3       java.util.concurrent.locks.AbstractQueuedSynchronizer::compareAndSetTail (13 bytes)
Event: 5419.654 Thread 0x00007fc23c014800 nmethod 25079 0x0000000112edda50 code [0x0000000112eddba0, 0x0000000112eddd30]
Event: 5419.654 Thread 0x00007fc23c014800 25080       3       java.util.concurrent.locks.AbstractQueuedSynchronizer::setHead (16 bytes)
Event: 5419.654 Thread 0x00007fc23c014800 nmethod 25080 0x0000000112edd650 code [0x0000000112edd7c0, 0x0000000112edd990]
Event: 5422.335 Thread 0x00007fc23c014800 25081   !   3       java.util.concurrent.locks.AbstractQueuedSynchronizer::acquireQueued (93 bytes)
Event: 5422.337 Thread 0x00007fc23c014800 nmethod 25081 0x0000000112edc290 code [0x0000000112edc4c0, 0x0000000112edcfd8]
Event: 5422.355 Thread 0x00007fc23c014800 25082       3       java.util.concurrent.locks.AbstractQueuedSynchronizer$ConditionObject::signal (33 bytes)
Event: 5422.355 Thread 0x00007fc23c014800 nmethod 25082 0x0000000112edbc50 code [0x0000000112edbde0, 0x0000000112edc168]

GC Heap History (10 events):
Event: 3383.654 GC heap after
Heap after GC invocations=37 (full 6):
 PSYoungGen      total 429568K, used 18433K [0x00000007a0000000, 0x00000007c0000000, 0x00000007c0000000)
  eden space 346112K, 0% used [0x00000007a0000000,0x00000007a0000000,0x00000007b5200000)
  from space 83456K, 22% used [0x00000007b5200000,0x00000007b64007a0,0x00000007ba380000)
  to   space 82432K, 0% used [0x00000007baf80000,0x00000007baf80000,0x00000007c0000000)
 ParOldGen       total 292864K, used 120244K [0x0000000760000000, 0x0000000771e00000, 0x00000007a0000000)
  object space 292864K, 41% used [0x0000000760000000,0x000000076756d048,0x0000000771e00000)
 Metaspace       used 122755K, capacity 126614K, committed 126760K, reserved 1161216K
  class space    used 14253K, capacity 15312K, committed 15400K, reserved 1048576K
}
Event: 3489.575 GC heap before
{Heap before GC invocations=38 (full 6):
 PSYoungGen      total 429568K, used 364545K [0x00000007a0000000, 0x00000007c0000000, 0x00000007c0000000)
  eden space 346112K, 100% used [0x00000007a0000000,0x00000007b5200000,0x00000007b5200000)
  from space 83456K, 22% used [0x00000007b5200000,0x00000007b64007a0,0x00000007ba380000)
  to   space 82432K, 0% used [0x00000007baf80000,0x00000007baf80000,0x00000007c0000000)
 ParOldGen       total 292864K, used 120244K [0x0000000760000000, 0x0000000771e00000, 0x00000007a0000000)
  object space 292864K, 41% used [0x0000000760000000,0x000000076756d048,0x0000000771e00000)
 Metaspace       used 124616K, capacity 128540K, committed 128808K, reserved 1163264K
  class space    used 14457K, capacity 15529K, committed 15656K, reserved 1048576K
Event: 3489.640 GC heap after
Heap after GC invocations=38 (full 6):
 PSYoungGen      total 434688K, used 23324K [0x00000007a0000000, 0x00000007bfa00000, 0x00000007c0000000)
  eden space 358400K, 0% used [0x00000007a0000000,0x00000007a0000000,0x00000007b5e00000)
  from space 76288K, 30% used [0x00000007baf80000,0x00000007bc647328,0x00000007bfa00000)
  to   space 79872K, 0% used [0x00000007b5e00000,0x00000007b5e00000,0x00000007bac00000)
 ParOldGen       total 292864K, used 120252K [0x0000000760000000, 0x0000000771e00000, 0x00000007a0000000)
  object space 292864K, 41% used [0x0000000760000000,0x000000076756f048,0x0000000771e00000)
 Metaspace       used 124616K, capacity 128540K, committed 128808K, reserved 1163264K
  class space    used 14457K, capacity 15529K, committed 15656K, reserved 1048576K
}
Event: 5103.093 GC heap before
{Heap before GC invocations=39 (full 6):
 PSYoungGen      total 434688K, used 381724K [0x00000007a0000000, 0x00000007bfa00000, 0x00000007c0000000)
  eden space 358400K, 100% used [0x00000007a0000000,0x00000007b5e00000,0x00000007b5e00000)
  from space 76288K, 30% used [0x00000007baf80000,0x00000007bc647328,0x00000007bfa00000)
  to   space 79872K, 0% used [0x00000007b5e00000,0x00000007b5e00000,0x00000007bac00000)
 ParOldGen       total 292864K, used 120252K [0x0000000760000000, 0x0000000771e00000, 0x00000007a0000000)
  object space 292864K, 41% used [0x0000000760000000,0x000000076756f048,0x0000000771e00000)
 Metaspace       used 126165K, capacity 130274K, committed 130472K, reserved 1163264K
  class space    used 14628K, capacity 15746K, committed 15784K, reserved 1048576K
Event: 5103.271 GC heap after
Heap after GC invocations=39 (full 6):
 PSYoungGen      total 438272K, used 21064K [0x00000007a0000000, 0x00000007bff80000, 0x00000007c0000000)
  eden space 358400K, 0% used [0x00000007a0000000,0x00000007a0000000,0x00000007b5e00000)
  from space 79872K, 26% used [0x00000007b5e00000,0x00000007b72920c8,0x00000007bac00000)
  to   space 77824K, 0% used [0x00000007bb380000,0x00000007bb380000,0x00000007bff80000)
 ParOldGen       total 292864K, used 120260K [0x0000000760000000, 0x0000000771e00000, 0x00000007a0000000)
  object space 292864K, 41% used [0x0000000760000000,0x0000000767571048,0x0000000771e00000)
 Metaspace       used 126165K, capacity 130274K, committed 130472K, reserved 1163264K
  class space    used 14628K, capacity 15746K, committed 15784K, reserved 1048576K
}
Event: 5106.956 GC heap before
{Heap before GC invocations=40 (full 6):
 PSYoungGen      total 438272K, used 379464K [0x00000007a0000000, 0x00000007bff80000, 0x00000007c0000000)
  eden space 358400K, 100% used [0x00000007a0000000,0x00000007b5e00000,0x00000007b5e00000)
  from space 79872K, 26% used [0x00000007b5e00000,0x00000007b72920c8,0x00000007bac00000)
  to   space 77824K, 0% used [0x00000007bb380000,0x00000007bb380000,0x00000007bff80000)
 ParOldGen       total 292864K, used 120260K [0x0000000760000000, 0x0000000771e00000, 0x00000007a0000000)
  object space 292864K, 41% used [0x0000000760000000,0x0000000767571048,0x0000000771e00000)
 Metaspace       used 133014K, capacity 137266K, committed 137512K, reserved 1169408K
  class space    used 15472K, capacity 16634K, committed 16680K, reserved 1048576K
Event: 5107.214 GC heap after
Heap after GC invocations=40 (full 6):
 PSYoungGen      total 417792K, used 77811K [0x00000007a0000000, 0x00000007c0000000, 0x00000007c0000000)
  eden space 339968K, 0% used [0x00000007a0000000,0x00000007a0000000,0x00000007b4c00000)
  from space 77824K, 99% used [0x00000007bb380000,0x00000007bff7cda0,0x00000007bff80000)
  to   space 92160K, 0% used [0x00000007b4c00000,0x00000007b4c00000,0x00000007ba600000)
 ParOldGen       total 292864K, used 126538K [0x0000000760000000, 0x0000000771e00000, 0x00000007a0000000)
  object space 292864K, 43% used [0x0000000760000000,0x0000000767b92998,0x0000000771e00000)
 Metaspace       used 133014K, capacity 137266K, committed 137512K, reserved 1169408K
  class space    used 15472K, capacity 16634K, committed 16680K, reserved 1048576K
}
Event: 5519.914 GC heap before
{Heap before GC invocations=41 (full 6):
 PSYoungGen      total 417792K, used 285996K [0x00000007a0000000, 0x00000007c0000000, 0x00000007c0000000)
  eden space 339968K, 61% used [0x00000007a0000000,0x00000007acb4e5d0,0x00000007b4c00000)
  from space 77824K, 99% used [0x00000007bb380000,0x00000007bff7cda0,0x00000007bff80000)
  to   space 92160K, 0% used [0x00000007b4c00000,0x00000007b4c00000,0x00000007ba600000)
 ParOldGen       total 292864K, used 126538K [0x0000000760000000, 0x0000000771e00000, 0x00000007a0000000)
  object space 292864K, 43% used [0x0000000760000000,0x0000000767b92998,0x0000000771e00000)
 Metaspace       used 133670K, capacity 137934K, committed 138152K, reserved 1171456K
  class space    used 15534K, capacity 16706K, committed 16808K, reserved 1048576K
Event: 5520.012 GC heap after
Heap after GC invocations=41 (full 6):
 PSYoungGen      total 432128K, used 12671K [0x00000007a0000000, 0x00000007c0000000, 0x00000007c0000000)
  eden space 339968K, 0% used [0x00000007a0000000,0x00000007a0000000,0x00000007b4c00000)
  from space 92160K, 13% used [0x00000007b4c00000,0x00000007b585fe90,0x00000007ba600000)
  to   space 91136K, 0% used [0x00000007ba700000,0x00000007ba700000,0x00000007c0000000)
 ParOldGen       total 292864K, used 127690K [0x0000000760000000, 0x0000000771e00000, 0x00000007a0000000)
  object space 292864K, 43% used [0x0000000760000000,0x0000000767cb2a78,0x0000000771e00000)
 Metaspace       used 133670K, capacity 137934K, committed 138152K, reserved 1171456K
  class space    used 15534K, capacity 16706K, committed 16808K, reserved 1048576K
}
Event: 5520.012 GC heap before
{Heap before GC invocations=42 (full 7):
 PSYoungGen      total 432128K, used 12671K [0x00000007a0000000, 0x00000007c0000000, 0x00000007c0000000)
  eden space 339968K, 0% used [0x00000007a0000000,0x00000007a0000000,0x00000007b4c00000)
  from space 92160K, 13% used [0x00000007b4c00000,0x00000007b585fe90,0x00000007ba600000)
  to   space 91136K, 0% used [0x00000007ba700000,0x00000007ba700000,0x00000007c0000000)
 ParOldGen       total 292864K, used 127690K [0x0000000760000000, 0x0000000771e00000, 0x00000007a0000000)
  object space 292864K, 43% used [0x0000000760000000,0x0000000767cb2a78,0x0000000771e00000)
 Metaspace       used 133670K, capacity 137934K, committed 138152K, reserved 1171456K
  class space    used 15534K, capacity 16706K, committed 16808K, reserved 1048576K

Deoptimization events (10 events):
Event: 5107.981 Thread 0x00007fc242ff7000 Uncommon trap: reason=speculate_class_check action=maybe_recompile pc=0x0000000112cbd700 method=org.jetbrains.kotlin.types.checker.NewKotlinTypeChecker.equalTypes(Lorg/jetbrains/kotlin/types/checker/TypeCheckerContext;Lorg/jetbrains/kotlin/types/Unwrapped
Event: 5108.156 Thread 0x00007fc242ff7000 Uncommon trap: reason=class_check action=maybe_recompile pc=0x0000000112e42540 method=org.jetbrains.kotlin.resolve.AllUnderImportScope.getContributedVariables(Lorg/jetbrains/kotlin/name/Name;Lorg/jetbrains/kotlin/incremental/components/LookupLocation;)Lja
Event: 5108.159 Thread 0x00007fc242ff7000 Uncommon trap: reason=class_check action=maybe_recompile pc=0x0000000112e42540 method=org.jetbrains.kotlin.resolve.AllUnderImportScope.getContributedVariables(Lorg/jetbrains/kotlin/name/Name;Lorg/jetbrains/kotlin/incremental/components/LookupLocation;)Lja
Event: 5108.352 Thread 0x00007fc242ff7000 Uncommon trap: reason=unstable_if action=reinterpret pc=0x00000001122c2cb8 method=org.jetbrains.org.objectweb.asm.Type.getArgumentsAndReturnSizes(Ljava/lang/String;)I @ 41
Event: 5108.357 Thread 0x00007fc242ff7000 Uncommon trap: reason=class_check action=maybe_recompile pc=0x0000000112b3117c method=org.jetbrains.kotlin.codegen.optimization.boxing.BoxingInterpreter.merge(Lorg/jetbrains/org/objectweb/asm/tree/analysis/BasicValue;Lorg/jetbrains/org/objectweb/asm/tree/
Event: 5108.357 Thread 0x00007fc242ff7000 Uncommon trap: reason=class_check action=maybe_recompile pc=0x0000000112b3117c method=org.jetbrains.kotlin.codegen.optimization.boxing.BoxingInterpreter.merge(Lorg/jetbrains/org/objectweb/asm/tree/analysis/BasicValue;Lorg/jetbrains/org/objectweb/asm/tree/
Event: 5108.357 Thread 0x00007fc242ff7000 Uncommon trap: reason=class_check action=maybe_recompile pc=0x0000000112b3117c method=org.jetbrains.kotlin.codegen.optimization.boxing.BoxingInterpreter.merge(Lorg/jetbrains/org/objectweb/asm/tree/analysis/BasicValue;Lorg/jetbrains/org/objectweb/asm/tree/
Event: 5108.357 Thread 0x00007fc242ff7000 Uncommon trap: reason=class_check action=maybe_recompile pc=0x0000000112b3117c method=org.jetbrains.kotlin.codegen.optimization.boxing.BoxingInterpreter.merge(Lorg/jetbrains/org/objectweb/asm/tree/analysis/BasicValue;Lorg/jetbrains/org/objectweb/asm/tree/
Event: 5108.357 Thread 0x00007fc242ff7000 Uncommon trap: reason=class_check action=maybe_recompile pc=0x0000000112b29d58 method=org.jetbrains.kotlin.codegen.optimization.boxing.BoxingInterpreter.merge(Lorg/jetbrains/org/objectweb/asm/tree/analysis/BasicValue;Lorg/jetbrains/org/objectweb/asm/tree/
Event: 5108.357 Thread 0x00007fc242ff7000 Uncommon trap: reason=class_check action=maybe_recompile pc=0x0000000112b29d58 method=org.jetbrains.kotlin.codegen.optimization.boxing.BoxingInterpreter.merge(Lorg/jetbrains/org/objectweb/asm/tree/analysis/BasicValue;Lorg/jetbrains/org/objectweb/asm/tree/

Classes redefined (0 events):
No events

Internal exceptions (10 events):
Event: 5102.911 Thread 0x00007fc240bf4000 Exception <a 'sun/nio/fs/UnixException'> (0x00000007b4d7d130) thrown at [/Volumes/android/AOSP-openjdk-git/jdk8u/hotspot/src/share/vm/prims/jni.cpp, line 709]
Event: 5102.911 Thread 0x00007fc240bf4000 Exception <a 'java/io/FileNotFoundException'> (0x00000007b4d7e878) thrown at [/Volumes/android/AOSP-openjdk-git/jdk8u/hotspot/src/share/vm/prims/jni.cpp, line 709]
Event: 5102.911 Thread 0x00007fc240bf4000 Exception <a 'java/io/FileNotFoundException'> (0x00000007b4d802d8) thrown at [/Volumes/android/AOSP-openjdk-git/jdk8u/hotspot/src/share/vm/prims/jni.cpp, line 709]
Event: 5104.638 Thread 0x00007fc23d6ba800 Exception <a 'java/lang/InterruptedException'> (0x00000007a7324f98) thrown at [/Volumes/android/AOSP-openjdk-git/jdk8u/hotspot/src/share/vm/runtime/objectMonitor.cpp, line 1684]
Event: 5107.324 Thread 0x00007fc23cb34000 Exception <a 'java/lang/InterruptedException'> (0x00000007a0701328) thrown at [/Volumes/android/AOSP-openjdk-git/jdk8u/hotspot/src/share/vm/runtime/objectMonitor.cpp, line 1684]
Event: 5107.341 Thread 0x00007fc242ff7000 Exception <a 'java/io/FileNotFoundException'> (0x00000007a0907568) thrown at [/Volumes/android/AOSP-openjdk-git/jdk8u/hotspot/src/share/vm/prims/jni.cpp, line 709]
Event: 5107.342 Thread 0x00007fc242ff7000 Exception <a 'sun/nio/fs/UnixException'> (0x00000007a0908da0) thrown at [/Volumes/android/AOSP-openjdk-git/jdk8u/hotspot/src/share/vm/prims/jni.cpp, line 709]
Event: 5107.342 Thread 0x00007fc242ff7000 Exception <a 'sun/nio/fs/UnixException'> (0x00000007a090dd20) thrown at [/Volumes/android/AOSP-openjdk-git/jdk8u/hotspot/src/share/vm/prims/jni.cpp, line 709]
Event: 5107.343 Thread 0x00007fc242ff7000 Exception <a 'java/io/FileNotFoundException'> (0x00000007a090f3e8) thrown at [/Volumes/android/AOSP-openjdk-git/jdk8u/hotspot/src/share/vm/prims/jni.cpp, line 709]
Event: 5107.343 Thread 0x00007fc242ff7000 Exception <a 'java/io/FileNotFoundException'> (0x00000007a0910d40) thrown at [/Volumes/android/AOSP-openjdk-git/jdk8u/hotspot/src/share/vm/prims/jni.cpp, line 709]

Events (10 events):
Event: 5231.537 Executing VM operation: RevokeBias done
Event: 5298.700 Executing VM operation: RevokeBias
Event: 5298.700 Executing VM operation: RevokeBias done
Event: 5419.653 Executing VM operation: RevokeBias
Event: 5419.653 Executing VM operation: RevokeBias done
Event: 5422.335 Executing VM operation: RevokeBias
Event: 5422.336 Executing VM operation: RevokeBias done
Event: 5422.343 Thread 0x00007fc23c014800 flushing nmethod 0x000000010f0ad210
Event: 5422.359 Thread 0x00007fc23c014800 flushing nmethod 0x000000010f336210
Event: 5519.914 Executing VM operation: ParallelGCSystemGC


Dynamic libraries:
0x00000000175d6000 	/System/Library/Frameworks/Cocoa.framework/Versions/A/Cocoa
0x00000000175d6000 	/System/Library/Frameworks/Security.framework/Versions/A/Security
0x00000000175d6000 	/System/Library/Frameworks/ApplicationServices.framework/Versions/A/ApplicationServices
0x00000000175d6000 	/usr/lib/libz.1.dylib
0x00000000175d6000 	/usr/lib/libSystem.B.dylib
0x00000000175d6000 	/System/Library/Frameworks/CoreFoundation.framework/Versions/A/CoreFoundation
0x00000000175d6000 	/System/Library/Frameworks/Foundation.framework/Versions/C/Foundation
0x00000000175d6000 	/usr/lib/libobjc.A.dylib
0x00000000175d6000 	/System/Library/Frameworks/AppKit.framework/Versions/C/AppKit
0x00000000175d6000 	/System/Library/Frameworks/CoreData.framework/Versions/A/CoreData
0x00000000175d6000 	/System/Library/PrivateFrameworks/RemoteViewServices.framework/Versions/A/RemoteViewServices
0x00000000175d6000 	/System/Library/PrivateFrameworks/UIFoundation.framework/Versions/A/UIFoundation
0x00000000175d6000 	/System/Library/PrivateFrameworks/DFRFoundation.framework/Versions/A/DFRFoundation
0x00000000175d6000 	/System/Library/Frameworks/Metal.framework/Versions/A/Metal
0x00000000175d6000 	/System/Library/PrivateFrameworks/DesktopServicesPriv.framework/Versions/A/DesktopServicesPriv
0x00000000175d6000 	/usr/lib/libenergytrace.dylib
0x00000000175d6000 	/System/Library/PrivateFrameworks/SkyLight.framework/Versions/A/SkyLight
0x00000000175d6000 	/System/Library/Frameworks/CoreGraphics.framework/Versions/A/CoreGraphics
0x00000000175d6000 	/usr/lib/libScreenReader.dylib
0x00000000175d6000 	/System/Library/Frameworks/Accelerate.framework/Versions/A/Accelerate
0x00000000175d6000 	/System/Library/Frameworks/IOSurface.framework/Versions/A/IOSurface
0x00000000175d6000 	/System/Library/Frameworks/AudioToolbox.framework/Versions/A/AudioToolbox
0x00000000175d6000 	/System/Library/Frameworks/AudioUnit.framework/Versions/A/AudioUnit
0x00000000175d6000 	/System/Library/PrivateFrameworks/DataDetectorsCore.framework/Versions/A/DataDetectorsCore
0x00000000175d6000 	/System/Library/Frameworks/Carbon.framework/Versions/A/Frameworks/HIToolbox.framework/Versions/A/HIToolbox
0x00000000175d6000 	/usr/lib/libicucore.A.dylib
0x00000000175d6000 	/System/Library/Frameworks/QuartzCore.framework/Versions/A/QuartzCore
0x00000000175d6000 	/System/Library/PrivateFrameworks/SignpostNotification.framework/Versions/A/SignpostNotification
0x00000000175d6000 	/System/Library/Frameworks/Carbon.framework/Versions/A/Frameworks/SpeechRecognition.framework/Versions/A/SpeechRecognition
0x00000000175d6000 	/usr/lib/libauto.dylib
0x00000000175d6000 	/usr/lib/libxml2.2.dylib
0x00000000175d6000 	/System/Library/PrivateFrameworks/CoreUI.framework/Versions/A/CoreUI
0x00000000175d6000 	/System/Library/Frameworks/CoreAudio.framework/Versions/A/CoreAudio
0x00000000175d6000 	/System/Library/Frameworks/DiskArbitration.framework/Versions/A/DiskArbitration
0x00000000175d6000 	/usr/lib/liblangid.dylib
0x00000000175d6000 	/System/Library/PrivateFrameworks/MultitouchSupport.framework/Versions/A/MultitouchSupport
0x00000000175d6000 	/System/Library/Frameworks/IOKit.framework/Versions/A/IOKit
0x00000000175d6000 	/usr/lib/libDiagnosticMessagesClient.dylib
0x00000000175d6000 	/System/Library/Frameworks/CoreServices.framework/Versions/A/CoreServices
0x00000000175d6000 	/System/Library/PrivateFrameworks/PerformanceAnalysis.framework/Versions/A/PerformanceAnalysis
0x00000000175d6000 	/System/Library/Frameworks/OpenGL.framework/Versions/A/OpenGL
0x00000000175d6000 	/System/Library/Frameworks/ColorSync.framework/Versions/A/ColorSync
0x00000000175d6000 	/System/Library/Frameworks/CoreImage.framework/Versions/A/CoreImage
0x00000000175d6000 	/System/Library/Frameworks/CoreText.framework/Versions/A/CoreText
0x00000000175d6000 	/System/Library/Frameworks/ImageIO.framework/Versions/A/ImageIO
0x00000000175d6000 	/System/Library/PrivateFrameworks/Backup.framework/Versions/A/Backup
0x00000000175d6000 	/usr/lib/libarchive.2.dylib
0x00000000175d6000 	/System/Library/Frameworks/CFNetwork.framework/Versions/A/CFNetwork
0x00000000175d6000 	/System/Library/Frameworks/SystemConfiguration.framework/Versions/A/SystemConfiguration
0x00000000175d6000 	/usr/lib/libCRFSuite.dylib
0x00000000175d6000 	/usr/lib/libc++.1.dylib
0x00000000175d6000 	/usr/lib/libc++abi.dylib
0x00000000175d6000 	/usr/lib/system/libcache.dylib
0x00000000175d6000 	/usr/lib/system/libcommonCrypto.dylib
0x00000000175d6000 	/usr/lib/system/libcompiler_rt.dylib
0x00000000175d6000 	/usr/lib/system/libcopyfile.dylib
0x00000000175d6000 	/usr/lib/system/libcorecrypto.dylib
0x00000000175d6000 	/usr/lib/system/libdispatch.dylib
0x00000000175d6000 	/usr/lib/system/libdyld.dylib
0x00000000175d6000 	/usr/lib/system/libkeymgr.dylib
0x00000000175d6000 	/usr/lib/system/liblaunch.dylib
0x00000000175d6000 	/usr/lib/system/libmacho.dylib
0x00000000175d6000 	/usr/lib/system/libquarantine.dylib
0x00000000175d6000 	/usr/lib/system/libremovefile.dylib
0x00000000175d6000 	/usr/lib/system/libsystem_asl.dylib
0x00000000175d6000 	/usr/lib/system/libsystem_blocks.dylib
0x00000000175d6000 	/usr/lib/system/libsystem_c.dylib
0x00000000175d6000 	/usr/lib/system/libsystem_configuration.dylib
0x00000000175d6000 	/usr/lib/system/libsystem_coreservices.dylib
0x00000000175d6000 	/usr/lib/system/libsystem_darwin.dylib
0x00000000175d6000 	/usr/lib/system/libsystem_dnssd.dylib
0x00000000175d6000 	/usr/lib/system/libsystem_info.dylib
0x00000000175d6000 	/usr/lib/system/libsystem_m.dylib
0x00000000175d6000 	/usr/lib/system/libsystem_malloc.dylib
0x00000000175d6000 	/usr/lib/system/libsystem_network.dylib
0x00000000175d6000 	/usr/lib/system/libsystem_networkextension.dylib
0x00000000175d6000 	/usr/lib/system/libsystem_notify.dylib
0x00000000175d6000 	/usr/lib/system/libsystem_sandbox.dylib
0x00000000175d6000 	/usr/lib/system/libsystem_secinit.dylib
0x00000000175d6000 	/usr/lib/system/libsystem_kernel.dylib
0x00000000175d6000 	/usr/lib/system/libsystem_platform.dylib
0x00000000175d6000 	/usr/lib/system/libsystem_pthread.dylib
0x00000000175d6000 	/usr/lib/system/libsystem_symptoms.dylib
0x00000000175d6000 	/usr/lib/system/libsystem_trace.dylib
0x00000000175d6000 	/usr/lib/system/libunwind.dylib
0x00000000175d6000 	/usr/lib/system/libxpc.dylib
0x00000000175d6000 	/usr/lib/closure/libclosured.dylib
0x00000000175d6000 	/usr/lib/libbsm.0.dylib
0x00000000175d6000 	/usr/lib/system/libkxld.dylib
0x00000000175d6000 	/usr/lib/libOpenScriptingUtil.dylib
0x00000000175d6000 	/usr/lib/libcoretls.dylib
0x00000000175d6000 	/usr/lib/libcoretls_cfhelpers.dylib
0x00000000175d6000 	/usr/lib/libpam.2.dylib
0x00000000175d6000 	/usr/lib/libsqlite3.dylib
0x00000000175d6000 	/usr/lib/libxar.1.dylib
0x00000000175d6000 	/usr/lib/libbz2.1.0.dylib
0x00000000175d6000 	/usr/lib/liblzma.5.dylib
0x00000000175d6000 	/usr/lib/libnetwork.dylib
0x00000000175d6000 	/usr/lib/libapple_nghttp2.dylib
0x00000000175d6000 	/usr/lib/libpcap.A.dylib
0x00000000175d6000 	/usr/lib/libboringssl.dylib
0x00000000175d6000 	/usr/lib/libusrtcp.dylib
0x00000000175d6000 	/usr/lib/libapple_crypto.dylib
0x00000000175d6000 	/System/Library/Frameworks/CoreServices.framework/Versions/A/Frameworks/FSEvents.framework/Versions/A/FSEvents
0x00000000175d6000 	/System/Library/Frameworks/CoreServices.framework/Versions/A/Frameworks/CarbonCore.framework/Versions/A/CarbonCore
0x00000000175d6000 	/System/Library/Frameworks/CoreServices.framework/Versions/A/Frameworks/Metadata.framework/Versions/A/Metadata
0x00000000175d6000 	/System/Library/Frameworks/CoreServices.framework/Versions/A/Frameworks/OSServices.framework/Versions/A/OSServices
0x00000000175d6000 	/System/Library/Frameworks/CoreServices.framework/Versions/A/Frameworks/SearchKit.framework/Versions/A/SearchKit
0x00000000175d6000 	/System/Library/Frameworks/CoreServices.framework/Versions/A/Frameworks/AE.framework/Versions/A/AE
0x00000000175d6000 	/System/Library/Frameworks/CoreServices.framework/Versions/A/Frameworks/LaunchServices.framework/Versions/A/LaunchServices
0x00000000175d6000 	/System/Library/Frameworks/CoreServices.framework/Versions/A/Frameworks/DictionaryServices.framework/Versions/A/DictionaryServices
0x00000000175d6000 	/System/Library/Frameworks/CoreServices.framework/Versions/A/Frameworks/SharedFileList.framework/Versions/A/SharedFileList
0x00000000175d6000 	/System/Library/Frameworks/NetFS.framework/Versions/A/NetFS
0x00000000175d6000 	/System/Library/PrivateFrameworks/NetAuth.framework/Versions/A/NetAuth
0x00000000175d6000 	/System/Library/PrivateFrameworks/login.framework/Versions/A/Frameworks/loginsupport.framework/Versions/A/loginsupport
0x00000000175d6000 	/System/Library/PrivateFrameworks/TCC.framework/Versions/A/TCC
0x00000000175d6000 	/usr/lib/libmecabra.dylib
0x00000000175d6000 	/System/Library/Frameworks/ApplicationServices.framework/Versions/A/Frameworks/ATS.framework/Versions/A/ATS
0x00000000175d6000 	/System/Library/Frameworks/ApplicationServices.framework/Versions/A/Frameworks/ColorSyncLegacy.framework/Versions/A/ColorSyncLegacy
0x00000000175d6000 	/System/Library/Frameworks/ApplicationServices.framework/Versions/A/Frameworks/HIServices.framework/Versions/A/HIServices
0x00000000175d6000 	/System/Library/Frameworks/ApplicationServices.framework/Versions/A/Frameworks/LangAnalysis.framework/Versions/A/LangAnalysis
0x00000000175d6000 	/System/Library/Frameworks/ApplicationServices.framework/Versions/A/Frameworks/PrintCore.framework/Versions/A/PrintCore
0x00000000175d6000 	/System/Library/Frameworks/ApplicationServices.framework/Versions/A/Frameworks/QD.framework/Versions/A/QD
0x00000000175d6000 	/System/Library/Frameworks/ApplicationServices.framework/Versions/A/Frameworks/SpeechSynthesis.framework/Versions/A/SpeechSynthesis
0x00000000175d6000 	/System/Library/Frameworks/CoreDisplay.framework/Versions/A/CoreDisplay
0x00000000175d6000 	/System/Library/Frameworks/Accelerate.framework/Versions/A/Frameworks/vImage.framework/Versions/A/vImage
0x00000000175d6000 	/System/Library/Frameworks/Accelerate.framework/Versions/A/Frameworks/vecLib.framework/Versions/A/vecLib
0x00000000175d6000 	/System/Library/Frameworks/Accelerate.framework/Versions/A/Frameworks/vecLib.framework/Versions/A/libvDSP.dylib
0x00000000175d6000 	/System/Library/Frameworks/Accelerate.framework/Versions/A/Frameworks/vecLib.framework/Versions/A/libBNNS.dylib
0x00000000175d6000 	/System/Library/Frameworks/Accelerate.framework/Versions/A/Frameworks/vecLib.framework/Versions/A/libQuadrature.dylib
0x00000000175d6000 	/System/Library/Frameworks/Accelerate.framework/Versions/A/Frameworks/vecLib.framework/Versions/A/libvMisc.dylib
0x00000000175d6000 	/System/Library/Frameworks/Accelerate.framework/Versions/A/Frameworks/vecLib.framework/Versions/A/libLAPACK.dylib
0x00000000175d6000 	/System/Library/Frameworks/Accelerate.framework/Versions/A/Frameworks/vecLib.framework/Versions/A/libBLAS.dylib
0x00000000175d6000 	/System/Library/Frameworks/Accelerate.framework/Versions/A/Frameworks/vecLib.framework/Versions/A/libLinearAlgebra.dylib
0x00000000175d6000 	/System/Library/Frameworks/Accelerate.framework/Versions/A/Frameworks/vecLib.framework/Versions/A/libSparse.dylib
0x00000000175d6000 	/System/Library/Frameworks/Accelerate.framework/Versions/A/Frameworks/vecLib.framework/Versions/A/libSparseBLAS.dylib
0x00000000175d6000 	/System/Library/PrivateFrameworks/GPUWrangler.framework/Versions/A/GPUWrangler
0x00000000175d6000 	/System/Library/PrivateFrameworks/IOAccelerator.framework/Versions/A/IOAccelerator
0x00000000175d6000 	/System/Library/PrivateFrameworks/IOPresentment.framework/Versions/A/IOPresentment
0x00000000175d6000 	/System/Library/PrivateFrameworks/DSExternalDisplay.framework/Versions/A/DSExternalDisplay
0x00000000175d6000 	/System/Library/Frameworks/OpenGL.framework/Versions/A/Libraries/libCoreFSCache.dylib
0x00000000175d6000 	/System/Library/Frameworks/CoreVideo.framework/Versions/A/CoreVideo
0x00000000175d6000 	/System/Library/PrivateFrameworks/GraphVisualizer.framework/Versions/A/GraphVisualizer
0x00000000175d6000 	/System/Library/Frameworks/MetalPerformanceShaders.framework/Versions/A/MetalPerformanceShaders
0x00000000175d6000 	/usr/lib/libFosl_dynamic.dylib
0x00000000175d6000 	/System/Library/PrivateFrameworks/FaceCore.framework/Versions/A/FaceCore
0x00000000175d6000 	/System/Library/Frameworks/OpenCL.framework/Versions/A/OpenCL
0x00000000175d6000 	/usr/lib/libcompression.dylib
0x00000000175d6000 	/System/Library/Frameworks/ApplicationServices.framework/Versions/A/Frameworks/ATS.framework/Versions/A/Resources/libFontParser.dylib
0x00000000175d6000 	/System/Library/Frameworks/ApplicationServices.framework/Versions/A/Frameworks/ATS.framework/Versions/A/Resources/libFontRegistry.dylib
0x00000000175d6000 	/System/Library/Frameworks/ImageIO.framework/Versions/A/Resources/libJPEG.dylib
0x00000000175d6000 	/System/Library/Frameworks/ImageIO.framework/Versions/A/Resources/libTIFF.dylib
0x00000000175d6000 	/System/Library/Frameworks/ImageIO.framework/Versions/A/Resources/libPng.dylib
0x00000000175d6000 	/System/Library/Frameworks/ImageIO.framework/Versions/A/Resources/libGIF.dylib
0x00000000175d6000 	/System/Library/Frameworks/ImageIO.framework/Versions/A/Resources/libJP2.dylib
0x00000000175d6000 	/System/Library/Frameworks/ImageIO.framework/Versions/A/Resources/libRadiance.dylib
0x00000000175d6000 	/System/Library/PrivateFrameworks/AppleJPEG.framework/Versions/A/AppleJPEG
0x00000000175d6000 	/System/Library/Frameworks/MetalPerformanceShaders.framework/Frameworks/MPSCore.framework/Versions/A/MPSCore
0x00000000175d6000 	/System/Library/Frameworks/MetalPerformanceShaders.framework/Frameworks/MPSImage.framework/Versions/A/MPSImage
0x00000000175d6000 	/System/Library/Frameworks/MetalPerformanceShaders.framework/Frameworks/MPSNeuralNetwork.framework/Versions/A/MPSNeuralNetwork
0x00000000175d6000 	/System/Library/Frameworks/MetalPerformanceShaders.framework/Frameworks/MPSMatrix.framework/Versions/A/MPSMatrix
0x00000000175d6000 	/System/Library/PrivateFrameworks/MetalTools.framework/Versions/A/MetalTools
0x00000000175d6000 	/System/Library/Frameworks/OpenGL.framework/Versions/A/Libraries/libGLU.dylib
0x00000000175d6000 	/System/Library/Frameworks/OpenGL.framework/Versions/A/Libraries/libGFXShared.dylib
0x00000000175d6000 	/System/Library/Frameworks/OpenGL.framework/Versions/A/Libraries/libGL.dylib
0x00000000175d6000 	/System/Library/Frameworks/OpenGL.framework/Versions/A/Libraries/libGLImage.dylib
0x00000000175d6000 	/System/Library/Frameworks/OpenGL.framework/Versions/A/Libraries/libCVMSPluginSupport.dylib
0x00000000175d6000 	/System/Library/Frameworks/OpenGL.framework/Versions/A/Libraries/libCoreVMClient.dylib
0x00000000175d6000 	/usr/lib/libcups.2.dylib
0x00000000175d6000 	/System/Library/Frameworks/Kerberos.framework/Versions/A/Kerberos
0x00000000175d6000 	/System/Library/Frameworks/GSS.framework/Versions/A/GSS
0x00000000175d6000 	/usr/lib/libresolv.9.dylib
0x00000000175d6000 	/usr/lib/libiconv.2.dylib
0x00000000175d6000 	/System/Library/PrivateFrameworks/Heimdal.framework/Versions/A/Heimdal
0x00000000175d6000 	/usr/lib/libheimdal-asn1.dylib
0x00000000175d6000 	/System/Library/Frameworks/OpenDirectory.framework/Versions/A/OpenDirectory
0x00000000175d6000 	/System/Library/PrivateFrameworks/CommonAuth.framework/Versions/A/CommonAuth
0x00000000175d6000 	/System/Library/Frameworks/OpenDirectory.framework/Versions/A/Frameworks/CFOpenDirectory.framework/Versions/A/CFOpenDirectory
0x00000000175d6000 	/System/Library/Frameworks/SecurityFoundation.framework/Versions/A/SecurityFoundation
0x00000000175d6000 	/System/Library/PrivateFrameworks/APFS.framework/Versions/A/APFS
0x00000000175d6000 	/usr/lib/libutil.dylib
0x00000000175d6000 	/System/Library/PrivateFrameworks/AppleSauce.framework/Versions/A/AppleSauce
0x00000000175d6000 	/System/Library/PrivateFrameworks/LinguisticData.framework/Versions/A/LinguisticData
0x00000000175d6000 	/usr/lib/libmarisa.dylib
0x00000000175d6000 	/System/Library/PrivateFrameworks/Lexicon.framework/Versions/A/Lexicon
0x00000000175d6000 	/usr/lib/libChineseTokenizer.dylib
0x00000000175d6000 	/usr/lib/libcmph.dylib
0x00000000175d6000 	/System/Library/PrivateFrameworks/LanguageModeling.framework/Versions/A/LanguageModeling
0x00000000175d6000 	/System/Library/PrivateFrameworks/CoreEmoji.framework/Versions/A/CoreEmoji
0x00000000175d6000 	/System/Library/Frameworks/ServiceManagement.framework/Versions/A/ServiceManagement
0x00000000175d6000 	/System/Library/PrivateFrameworks/BackgroundTaskManagement.framework/Versions/A/BackgroundTaskManagement
0x00000000175d6000 	/usr/lib/libxslt.1.dylib
0x00000000175d6000 	/System/Library/Frameworks/Carbon.framework/Versions/A/Frameworks/Ink.framework/Versions/A/Ink
0x00000000175d6000 	/System/Library/PrivateFrameworks/TextureIO.framework/Versions/A/TextureIO
0x00000000175d6000 	/usr/lib/libate.dylib
0x00000000175d6000 	/System/Library/PrivateFrameworks/CrashReporterSupport.framework/Versions/A/CrashReporterSupport
0x00000000175d6000 	/System/Library/PrivateFrameworks/Sharing.framework/Versions/A/Sharing
0x00000000175d6000 	/System/Library/PrivateFrameworks/IconServices.framework/Versions/A/IconServices
0x00000000175d6000 	/System/Library/PrivateFrameworks/Apple80211.framework/Versions/A/Apple80211
0x00000000175d6000 	/System/Library/PrivateFrameworks/CoreUtils.framework/Versions/A/CoreUtils
0x00000000175d6000 	/System/Library/Frameworks/CoreWLAN.framework/Versions/A/CoreWLAN
0x00000000175d6000 	/System/Library/Frameworks/IOBluetooth.framework/Versions/A/IOBluetooth
0x00000000175d6000 	/System/Library/PrivateFrameworks/ProtocolBuffer.framework/Versions/A/ProtocolBuffer
0x00000000175d6000 	/System/Library/PrivateFrameworks/CoreWiFi.framework/Versions/A/CoreWiFi
0x00000000175d6000 	/System/Library/Frameworks/CoreBluetooth.framework/Versions/A/CoreBluetooth
0x00000000175d6000 	/System/Library/PrivateFrameworks/DebugSymbols.framework/Versions/A/DebugSymbols
0x00000000175d6000 	/System/Library/PrivateFrameworks/CoreSymbolication.framework/Versions/A/CoreSymbolication
0x00000000175d6000 	/System/Library/PrivateFrameworks/Symbolication.framework/Versions/A/Symbolication
0x00000000175d6000 	/System/Library/PrivateFrameworks/AppleFSCompression.framework/Versions/A/AppleFSCompression
0x00000000175d6000 	/System/Library/PrivateFrameworks/SpeechRecognitionCore.framework/Versions/A/SpeechRecognitionCore
0x0000000106a00000 	/Applications/Android Studio.app/Contents/jre/jdk/Contents/Home/jre/lib/server/libjvm.dylib
0x00000000175d6000 	/usr/lib/libstdc++.6.0.9.dylib
0x0000000106007000 	/Applications/Android Studio.app/Contents/jre/jdk/Contents/Home/jre/lib/libverify.dylib
0x0000000106013000 	/Applications/Android Studio.app/Contents/jre/jdk/Contents/Home/jre/lib/libjava.dylib
0x0000000106091000 	/Applications/Android Studio.app/Contents/jre/jdk/Contents/Home/jre/lib/libzip.dylib
0x000000010cc67000 	/Applications/Android Studio.app/Contents/jre/jdk/Contents/Home/jre/lib/libmanagement.dylib
0x000000010cc71000 	/Applications/Android Studio.app/Contents/jre/jdk/Contents/Home/jre/lib/libnio.dylib
0x000000010cc81000 	/Applications/Android Studio.app/Contents/jre/jdk/Contents/Home/jre/lib/./libnet.dylib
0x000000011fd0e000 	/private/var/folders/md/rn7t44sj287gqpry7rv825y40000gn/T/room-1b20ce45-73dc-4460-89ea-4be5a71feb22/sqlite-3.20.1-707fe04d-3081-4467-96a9-89bae87bc381-libsqlitejdbc.jnilib
0x00000001209a6000 	/private/var/folders/md/rn7t44sj287gqpry7rv825y40000gn/T/room-8cc735ff-cc82-4062-9faa-283dc0ca35ec/sqlite-3.20.1-f11aefa3-6a2d-4193-9946-a764e709da0e-libsqlitejdbc.jnilib
0x0000000122f68000 	/private/var/folders/md/rn7t44sj287gqpry7rv825y40000gn/T/room-5cec28ff-83f5-414b-9bf7-3ef1e21696a1/sqlite-3.20.1-f3e51af9-6ac6-49ac-ba2e-95578963278f-libsqlitejdbc.jnilib
0x000000010eaa2000 	/private/var/folders/md/rn7t44sj287gqpry7rv825y40000gn/T/room-4514d103-ab0e-4e8b-8978-55c3844f2875/sqlite-3.20.1-55b41b3e-67a5-4f93-8354-a95dd105e77d-libsqlitejdbc.jnilib
0x0000000121587000 	/private/var/folders/md/rn7t44sj287gqpry7rv825y40000gn/T/room-0a6084f3-27c5-4b8b-8274-49f270388d3c/sqlite-3.20.1-17cfb661-fdcc-4af7-bfe5-de1e71642120-libsqlitejdbc.jnilib

VM Arguments:
jvm_args: -Djava.awt.headless=true -Djava.rmi.server.hostname=localhost -Xmx1536m -Dkotlin.environment.keepalive 
java_command: org.jetbrains.kotlin.daemon.KotlinCompileDaemon --daemon-runFilesPath /Users/wolfx/Library/Application Support/kotlin/daemon --daemon-autoshutdownIdleSeconds=7200 --daemon-compilerClasspath /Users/wolfx/.gradle/caches/modules-2/files-2.1/org.jetbrains.kotlin/kotlin-compiler-embeddable/1.2.51/205147cc6c2dcbe7d9d71125fe315b14b8a14be4/kotlin-compiler-embeddable-1.2.51.jar:/Users/wolfx/.gradle/caches/modules-2/files-2.1/org.jetbrains.kotlin/kotlin-stdlib/1.2.71/d9717625bb3c731561251f8dd2c67a1011d6764c/kotlin-stdlib-1.2.71.jar:/Users/wolfx/.gradle/caches/modules-2/files-2.1/org.jetbrains.kotlin/kotlin-script-runtime/1.2.51/6f8ef6758f396b354e422c3e82d9cd14795fe0e2/kotlin-script-runtime-1.2.51.jar:/Users/wolfx/.gradle/caches/modules-2/files-2.1/org.jetbrains.kotlin/kotlin-reflect/1.2.51/36b719a7b84452dd13eeec979d8c82bfb765c57d/kotlin-reflect-1.2.51.jar:/Users/wolfx/.gradle/caches/modules-2/files-2.1/org.jetbrains.kotlin/kotlin-scripting-common/1.2.51/7861b42b7e5625df4a230d868476d4cda331be77/kotlin-scripting-common-1.2.51.jar:/Users/wolfx/.gradle/caches/modules-2/files-2.1/org.jetbrains.kotlin/kotlin-scripting-jvm/1.2.51/f80afc81cf004fb572f8a09353960490ab6630c6/kotlin-scripting-jvm-1.2.51.jar:/Users/wolfx/.gradle/caches/modules-2/files-2.1/org.jetbrains.kotlinx/kotlinx-coroutines-core/0.20/5f3fa9b5b2dc9cfc0d9358d5b2cab154d590a564/kotlinx-coroutines-core-0.20.jar:/Applications/Android Studio.app/Contents/jre/jdk/Contents/Home/lib/tools.jar
java_class_path (initial): /Users/wolfx/.gradle/caches/modules-2/files-2.1/org.jetbrains.kotlin/kotlin-compiler-embeddable/1.2.51/205147cc6c2dcbe7d9d71125fe315b14b8a14be4/kotlin-compiler-embeddable-1.2.51.jar:/Users/wolfx/.gradle/caches/modules-2/files-2.1/org.jetbrains.kotlin/kotlin-stdlib/1.2.71/d9717625bb3c731561251f8dd2c67a1011d6764c/kotlin-stdlib-1.2.71.jar:/Users/wolfx/.gradle/caches/modules-2/files-2.1/org.jetbrains.kotlin/kotlin-script-runtime/1.2.51/6f8ef6758f396b354e422c3e82d9cd14795fe0e2/kotlin-script-runtime-1.2.51.jar:/Users/wolfx/.gradle/caches/modules-2/files-2.1/org.jetbrains.kotlin/kotlin-reflect/1.2.51/36b719a7b84452dd13eeec979d8c82bfb765c57d/kotlin-reflect-1.2.51.jar:/Users/wolfx/.gradle/caches/modules-2/files-2.1/org.jetbrains.kotlin/kotlin-scripting-common/1.2.51/7861b42b7e5625df4a230d868476d4cda331be77/kotlin-scripting-common-1.2.51.jar:/Users/wolfx/.gradle/caches/modules-2/files-2.1/org.jetbrains.kotlin/kotlin-scripting-jvm/1.2.51/f80afc81cf004fb572f8a09353960490ab6630c6/kotlin-scripting-jvm-1.2.51.jar:/Users/wolfx/.gradle/caches/modules-2/files-2.1/org.jetbrains.kotlinx/kotlinx-coroutines-core/0.20/5f3fa9b5b2dc9cfc0d9358d5b2cab154d590a564/kotlinx-coroutines-core-0.20.jar:/Applications/Android Studio.app/Contents/jre/jdk/Contents/Home/lib/tools.jar
Launcher Type: SUN_STANDARD

Environment Variables:
PATH=/usr/bin:/bin:/usr/sbin:/sbin
SHELL=/bin/bash

Signal Handlers:
SIGSEGV: [libjvm.dylib+0x53e133], sa_mask[0]=11111111011111110111111111111111, sa_flags=SA_ONSTACK|SA_RESTART|SA_SIGINFO
SIGBUS: [libjvm.dylib+0x53e133], sa_mask[0]=11111111011111110111111111111111, sa_flags=SA_RESTART|SA_SIGINFO
SIGFPE: [libjvm.dylib+0x4369af], sa_mask[0]=11111111011111110111111111111111, sa_flags=SA_RESTART|SA_SIGINFO
SIGPIPE: [libjvm.dylib+0x4369af], sa_mask[0]=11111111011111110111111111111111, sa_flags=SA_RESTART|SA_SIGINFO
SIGXFSZ: [libjvm.dylib+0x4369af], sa_mask[0]=11111111011111110111111111111111, sa_flags=SA_RESTART|SA_SIGINFO
SIGILL: [libjvm.dylib+0x4369af], sa_mask[0]=11111111011111110111111111111111, sa_flags=SA_RESTART|SA_SIGINFO
SIGUSR1: SIG_DFL, sa_mask[0]=00000000000000000000000000000000, sa_flags=none
SIGUSR2: [libjvm.dylib+0x4372d4], sa_mask[0]=00100000000000000000000000000000, sa_flags=SA_RESTART|SA_SIGINFO
SIGHUP: [libjvm.dylib+0x4354c9], sa_mask[0]=11111111011111110111111111111111, sa_flags=SA_RESTART|SA_SIGINFO
SIGINT: [libjvm.dylib+0x4354c9], sa_mask[0]=11111111011111110111111111111111, sa_flags=SA_RESTART|SA_SIGINFO
SIGTERM: [libjvm.dylib+0x4354c9], sa_mask[0]=11111111011111110111111111111111, sa_flags=SA_RESTART|SA_SIGINFO
SIGQUIT: [libjvm.dylib+0x4354c9], sa_mask[0]=11111111011111110111111111111111, sa_flags=SA_RESTART|SA_SIGINFO


---------------  S Y S T E M  ---------------

OS:Bsduname:Darwin 17.5.0 Darwin Kernel Version 17.5.0: Mon Mar  5 22:24:32 PST 2018; root:xnu-4570.51.1~1/RELEASE_X86_64 x86_64
rlimit: STACK 8192k, CORE 0k, NPROC 709, NOFILE 10240, AS infinity
load average:2.91 2.48 2.37

CPU:total 4 (initial active 4) (2 cores per cpu, 2 threads per core) family 6 model 78 stepping 3, cmov, cx8, fxsr, mmx, sse, sse2, sse3, ssse3, sse4.1, sse4.2, popcnt, avx, avx2, aes, clmul, erms, rtm, 3dnowpref, lzcnt, ht, tsc, tscinvbit, bmi1, bmi2, adx

Memory: 4k page, physical 8388608k(18696k free)

/proc/meminfo:


vm_info: OpenJDK 64-Bit Server VM (25.152-b08) for bsd-amd64 JRE (1.8.0_152-release-915-b08), built by "builder" with gcc 4.2.1 Compatible Apple LLVM 8.1.0 (clang-802.0.42)

time: Fri Nov 16 17:17:45 2018
elapsed time: 5520 seconds (0d 1h 32m 0s)

